ERROR - 2022-05-16 14:40:55 --> Table 'u314929967_happiness_api.hs_meditation_articles' doesn't exist
CRITICAL - 2022-05-16 14:40:55 --> Call to a member function getResult() on bool
#0 /home/u314929967/domains/seodigitalmarketingsolutions.com/public_html/happiness/system/BaseModel.php(584): CodeIgniter\Model->doFindAll(0, 0)
#1 /home/u314929967/domains/seodigitalmarketingsolutions.com/public_html/happiness/app/Controllers/MeditationDataController.php(22): CodeIgniter\BaseModel->findAll()
#2 /home/u314929967/domains/seodigitalmarketingsolutions.com/public_html/happiness/system/CodeIgniter.php(824): App\Controllers\MeditationDataController->getMeditationArticles()
#3 /home/u314929967/domains/seodigitalmarketingsolutions.com/public_html/happiness/system/CodeIgniter.php(410): CodeIgniter\CodeIgniter->runController(Object(App\Controllers\MeditationDataController))
#4 /home/u314929967/domains/seodigitalmarketingsolutions.com/public_html/happiness/system/CodeIgniter.php(318): CodeIgniter\CodeIgniter->handleRequest(NULL, Object(Config\Cache), false)
#5 /home/u314929967/domains/seodigitalmarketingsolutions.com/public_html/happiness/index.php(37): CodeIgniter\CodeIgniter->run()
#6 {main}
ERROR - 2022-05-16 14:40:57 --> Table 'u314929967_happiness_api.hs_meditation_articles' doesn't exist
CRITICAL - 2022-05-16 14:40:57 --> Call to a member function getResult() on bool
#0 /home/u314929967/domains/seodigitalmarketingsolutions.com/public_html/happiness/system/BaseModel.php(584): CodeIgniter\Model->doFindAll(0, 0)
#1 /home/u314929967/domains/seodigitalmarketingsolutions.com/public_html/happiness/app/Controllers/MeditationDataController.php(22): CodeIgniter\BaseModel->findAll()
#2 /home/u314929967/domains/seodigitalmarketingsolutions.com/public_html/happiness/system/CodeIgniter.php(824): App\Controllers\MeditationDataController->getMeditationArticles()
#3 /home/u314929967/domains/seodigitalmarketingsolutions.com/public_html/happiness/system/CodeIgniter.php(410): CodeIgniter\CodeIgniter->runController(Object(App\Controllers\MeditationDataController))
#4 /home/u314929967/domains/seodigitalmarketingsolutions.com/public_html/happiness/system/CodeIgniter.php(318): CodeIgniter\CodeIgniter->handleRequest(NULL, Object(Config\Cache), false)
#5 /home/u314929967/domains/seodigitalmarketingsolutions.com/public_html/happiness/index.php(37): CodeIgniter\CodeIgniter->run()
#6 {main}
ERROR - 2022-05-16 14:41:01 --> Table 'u314929967_happiness_api.hs_meditation_articles' doesn't exist
CRITICAL - 2022-05-16 14:41:01 --> Call to a member function getResult() on bool
#0 /home/u314929967/domains/seodigitalmarketingsolutions.com/public_html/happiness/system/BaseModel.php(584): CodeIgniter\Model->doFindAll(0, 0)
#1 /home/u314929967/domains/seodigitalmarketingsolutions.com/public_html/happiness/app/Controllers/MeditationDataController.php(22): CodeIgniter\BaseModel->findAll()
#2 /home/u314929967/domains/seodigitalmarketingsolutions.com/public_html/happiness/system/CodeIgniter.php(824): App\Controllers\MeditationDataController->getMeditationArticles()
#3 /home/u314929967/domains/seodigitalmarketingsolutions.com/public_html/happiness/system/CodeIgniter.php(410): CodeIgniter\CodeIgniter->runController(Object(App\Controllers\MeditationDataController))
#4 /home/u314929967/domains/seodigitalmarketingsolutions.com/public_html/happiness/system/CodeIgniter.php(318): CodeIgniter\CodeIgniter->handleRequest(NULL, Object(Config\Cache), false)
#5 /home/u314929967/domains/seodigitalmarketingsolutions.com/public_html/happiness/index.php(37): CodeIgniter\CodeIgniter->run()
#6 {main}
ERROR - 2022-05-16 14:42:16 --> Table 'u314929967_happiness_api.hs_meditation_articles' doesn't exist
CRITICAL - 2022-05-16 14:42:16 --> Call to a member function getResult() on bool
#0 /home/u314929967/domains/seodigitalmarketingsolutions.com/public_html/happiness/system/BaseModel.php(584): CodeIgniter\Model->doFindAll(0, 0)
#1 /home/u314929967/domains/seodigitalmarketingsolutions.com/public_html/happiness/app/Controllers/MeditationDataController.php(22): CodeIgniter\BaseModel->findAll()
#2 /home/u314929967/domains/seodigitalmarketingsolutions.com/public_html/happiness/system/CodeIgniter.php(824): App\Controllers\MeditationDataController->getMeditationArticles()
#3 /home/u314929967/domains/seodigitalmarketingsolutions.com/public_html/happiness/system/CodeIgniter.php(410): CodeIgniter\CodeIgniter->runController(Object(App\Controllers\MeditationDataController))
#4 /home/u314929967/domains/seodigitalmarketingsolutions.com/public_html/happiness/system/CodeIgniter.php(318): CodeIgniter\CodeIgniter->handleRequest(NULL, Object(Config\Cache), false)
#5 /home/u314929967/domains/seodigitalmarketingsolutions.com/public_html/happiness/index.php(37): CodeIgniter\CodeIgniter->run()
#6 {main}
ERROR - 2022-05-16 14:45:21 --> Unknown column 'meditaion_article_id' in 'order clause'
CRITICAL - 2022-05-16 14:45:21 --> Call to a member function getResult() on bool
#0 /home/u314929967/domains/seodigitalmarketingsolutions.com/public_html/happiness/system/BaseModel.php(584): CodeIgniter\Model->doFindAll(0, 0)
#1 /home/u314929967/domains/seodigitalmarketingsolutions.com/public_html/happiness/app/Controllers/MeditationDataController.php(22): CodeIgniter\BaseModel->findAll()
#2 /home/u314929967/domains/seodigitalmarketingsolutions.com/public_html/happiness/system/CodeIgniter.php(824): App\Controllers\MeditationDataController->getMeditationArticles()
#3 /home/u314929967/domains/seodigitalmarketingsolutions.com/public_html/happiness/system/CodeIgniter.php(410): CodeIgniter\CodeIgniter->runController(Object(App\Controllers\MeditationDataController))
#4 /home/u314929967/domains/seodigitalmarketingsolutions.com/public_html/happiness/system/CodeIgniter.php(318): CodeIgniter\CodeIgniter->handleRequest(NULL, Object(Config\Cache), false)
#5 /home/u314929967/domains/seodigitalmarketingsolutions.com/public_html/happiness/index.php(37): CodeIgniter\CodeIgniter->run()
#6 {main}
ERROR - 2022-05-16 14:45:24 --> Unknown column 'meditaion_article_id' in 'order clause'
CRITICAL - 2022-05-16 14:45:24 --> Call to a member function getResult() on bool
#0 /home/u314929967/domains/seodigitalmarketingsolutions.com/public_html/happiness/system/BaseModel.php(584): CodeIgniter\Model->doFindAll(0, 0)
#1 /home/u314929967/domains/seodigitalmarketingsolutions.com/public_html/happiness/app/Controllers/MeditationDataController.php(22): CodeIgniter\BaseModel->findAll()
#2 /home/u314929967/domains/seodigitalmarketingsolutions.com/public_html/happiness/system/CodeIgniter.php(824): App\Controllers\MeditationDataController->getMeditationArticles()
#3 /home/u314929967/domains/seodigitalmarketingsolutions.com/public_html/happiness/system/CodeIgniter.php(410): CodeIgniter\CodeIgniter->runController(Object(App\Controllers\MeditationDataController))
#4 /home/u314929967/domains/seodigitalmarketingsolutions.com/public_html/happiness/system/CodeIgniter.php(318): CodeIgniter\CodeIgniter->handleRequest(NULL, Object(Config\Cache), false)
#5 /home/u314929967/domains/seodigitalmarketingsolutions.com/public_html/happiness/index.php(37): CodeIgniter\CodeIgniter->run()
#6 {main}
ERROR - 2022-05-16 15:01:23 --> Unknown column 'meditation_created_date' in 'where clause'
ERROR - 2022-05-16 15:02:46 --> Unknown column 'meditation_created_date' in 'where clause'
ERROR - 2022-05-16 15:03:23 --> Unknown column 'meditation_created_date' in 'where clause'
ERROR - 2022-05-16 15:05:31 --> Unknown column 'meditation_created_date' in 'where clause'
ERROR - 2022-05-16 15:05:42 --> Unknown column 'meditation_created_date' in 'where clause'
CRITICAL - 2022-05-16 15:07:27 --> Class 'App\Models\MeditationModel' not found
#0 /home/u314929967/domains/seodigitalmarketingsolutions.com/public_html/happiness/system/CodeIgniter.php(824): App\Controllers\MeditationController->putMeditation('12')
#1 /home/u314929967/domains/seodigitalmarketingsolutions.com/public_html/happiness/system/CodeIgniter.php(410): CodeIgniter\CodeIgniter->runController(Object(App\Controllers\MeditationController))
#2 /home/u314929967/domains/seodigitalmarketingsolutions.com/public_html/happiness/system/CodeIgniter.php(318): CodeIgniter\CodeIgniter->handleRequest(NULL, Object(Config\Cache), false)
#3 /home/u314929967/domains/seodigitalmarketingsolutions.com/public_html/happiness/index.php(37): CodeIgniter\CodeIgniter->run()
#4 {main}
CRITICAL - 2022-05-16 15:08:20 --> Class 'App\Models\MeditationModel' not found
#0 /home/u314929967/domains/seodigitalmarketingsolutions.com/public_html/happiness/system/CodeIgniter.php(824): App\Controllers\MeditationController->putMeditation('12')
#1 /home/u314929967/domains/seodigitalmarketingsolutions.com/public_html/happiness/system/CodeIgniter.php(410): CodeIgniter\CodeIgniter->runController(Object(App\Controllers\MeditationController))
#2 /home/u314929967/domains/seodigitalmarketingsolutions.com/public_html/happiness/system/CodeIgniter.php(318): CodeIgniter\CodeIgniter->handleRequest(NULL, Object(Config\Cache), false)
#3 /home/u314929967/domains/seodigitalmarketingsolutions.com/public_html/happiness/index.php(37): CodeIgniter\CodeIgniter->run()
#4 {main}
CRITICAL - 2022-05-16 15:08:22 --> Class 'App\Models\MeditationModel' not found
#0 /home/u314929967/domains/seodigitalmarketingsolutions.com/public_html/happiness/system/CodeIgniter.php(824): App\Controllers\MeditationController->putMeditation('12')
#1 /home/u314929967/domains/seodigitalmarketingsolutions.com/public_html/happiness/system/CodeIgniter.php(410): CodeIgniter\CodeIgniter->runController(Object(App\Controllers\MeditationController))
#2 /home/u314929967/domains/seodigitalmarketingsolutions.com/public_html/happiness/system/CodeIgniter.php(318): CodeIgniter\CodeIgniter->handleRequest(NULL, Object(Config\Cache), false)
#3 /home/u314929967/domains/seodigitalmarketingsolutions.com/public_html/happiness/index.php(37): CodeIgniter\CodeIgniter->run()
#4 {main}
CRITICAL - 2022-05-16 15:12:06 --> Class 'App\Models\MeditationModel' not found
#0 /home/u314929967/domains/seodigitalmarketingsolutions.com/public_html/happiness/system/CodeIgniter.php(824): App\Controllers\MeditationController->putMeditation('12')
#1 /home/u314929967/domains/seodigitalmarketingsolutions.com/public_html/happiness/system/CodeIgniter.php(410): CodeIgniter\CodeIgniter->runController(Object(App\Controllers\MeditationController))
#2 /home/u314929967/domains/seodigitalmarketingsolutions.com/public_html/happiness/system/CodeIgniter.php(318): CodeIgniter\CodeIgniter->handleRequest(NULL, Object(Config\Cache), false)
#3 /home/u314929967/domains/seodigitalmarketingsolutions.com/public_html/happiness/index.php(37): CodeIgniter\CodeIgniter->run()
#4 {main}
CRITICAL - 2022-05-16 15:14:53 --> Cannot use empty array elements in arrays
#0 [internal function]: CodeIgniter\Debug\Exceptions->shutdownHandler()
#1 {main}
CRITICAL - 2022-05-16 15:15:43 --> Class 'App\Models\MeditationModel' not found
#0 /home/u314929967/domains/seodigitalmarketingsolutions.com/public_html/happiness/system/CodeIgniter.php(824): App\Controllers\MeditationController->putMeditation('12')
#1 /home/u314929967/domains/seodigitalmarketingsolutions.com/public_html/happiness/system/CodeIgniter.php(410): CodeIgniter\CodeIgniter->runController(Object(App\Controllers\MeditationController))
#2 /home/u314929967/domains/seodigitalmarketingsolutions.com/public_html/happiness/system/CodeIgniter.php(318): CodeIgniter\CodeIgniter->handleRequest(NULL, Object(Config\Cache), false)
#3 /home/u314929967/domains/seodigitalmarketingsolutions.com/public_html/happiness/index.php(37): CodeIgniter\CodeIgniter->run()
#4 {main}
CRITICAL - 2022-05-16 17:21:14 --> Object of class stdClass could not be converted to string
#0 [internal function]: CodeIgniter\Debug\Exceptions->errorHandler(4096, 'Object of class...', '/home/u31492996...', 330, Array)
#1 /home/u314929967/domains/seodigitalmarketingsolutions.com/public_html/happiness/system/Database/Query.php(330): strtr('UPDATE `hs_todo...', Array)
#2 /home/u314929967/domains/seodigitalmarketingsolutions.com/public_html/happiness/system/Database/Query.php(304): CodeIgniter\Database\Query->matchNamedBinds('UPDATE `hs_todo...', Array)
#3 /home/u314929967/domains/seodigitalmarketingsolutions.com/public_html/happiness/system/Database/Query.php(150): CodeIgniter\Database\Query->compileBinds()
#4 /home/u314929967/domains/seodigitalmarketingsolutions.com/public_html/happiness/system/Database/BaseConnection.php(598): CodeIgniter\Database\Query->getQuery()
#5 /home/u314929967/domains/seodigitalmarketingsolutions.com/public_html/happiness/system/Database/BaseBuilder.php(1901): CodeIgniter\Database\BaseConnection->query('UPDATE `hs_todo...', Array, false)
#6 /home/u314929967/domains/seodigitalmarketingsolutions.com/public_html/happiness/system/Model.php(298): CodeIgniter\Database\BaseBuilder->update()
#7 /home/u314929967/domains/seodigitalmarketingsolutions.com/public_html/happiness/system/BaseModel.php(865): CodeIgniter\Model->doUpdate(NULL, Array)
#8 /home/u314929967/domains/seodigitalmarketingsolutions.com/public_html/happiness/system/Model.php(646): CodeIgniter\BaseModel->update(NULL, Array)
#9 /home/u314929967/domains/seodigitalmarketingsolutions.com/public_html/happiness/app/Controllers/TodoController.php(59): CodeIgniter\Model->update()
#10 /home/u314929967/domains/seodigitalmarketingsolutions.com/public_html/happiness/system/CodeIgniter.php(824): App\Controllers\TodoController->updateTodo('27')
#11 /home/u314929967/domains/seodigitalmarketingsolutions.com/public_html/happiness/system/CodeIgniter.php(410): CodeIgniter\CodeIgniter->runController(Object(App\Controllers\TodoController))
#12 /home/u314929967/domains/seodigitalmarketingsolutions.com/public_html/happiness/system/CodeIgniter.php(318): CodeIgniter\CodeIgniter->handleRequest(NULL, Object(Config\Cache), false)
#13 /home/u314929967/domains/seodigitalmarketingsolutions.com/public_html/happiness/index.php(37): CodeIgniter\CodeIgniter->run()
#14 {main}
CRITICAL - 2022-05-16 17:21:14 --> Object of class stdClass could not be converted to string
#0 [internal function]: CodeIgniter\Debug\Exceptions->errorHandler(4096, 'Object of class...', '/home/u31492996...', 330, Array)
#1 /home/u314929967/domains/seodigitalmarketingsolutions.com/public_html/happiness/system/Database/Query.php(330): strtr('UPDATE `hs_todo...', Array)
#2 /home/u314929967/domains/seodigitalmarketingsolutions.com/public_html/happiness/system/Database/Query.php(304): CodeIgniter\Database\Query->matchNamedBinds('UPDATE `hs_todo...', Array)
#3 /home/u314929967/domains/seodigitalmarketingsolutions.com/public_html/happiness/system/Database/Query.php(150): CodeIgniter\Database\Query->compileBinds()
#4 /home/u314929967/domains/seodigitalmarketingsolutions.com/public_html/happiness/system/Database/BaseConnection.php(598): CodeIgniter\Database\Query->getQuery()
#5 /home/u314929967/domains/seodigitalmarketingsolutions.com/public_html/happiness/system/Database/BaseBuilder.php(1901): CodeIgniter\Database\BaseConnection->query('UPDATE `hs_todo...', Array, false)
#6 /home/u314929967/domains/seodigitalmarketingsolutions.com/public_html/happiness/system/Model.php(298): CodeIgniter\Database\BaseBuilder->update()
#7 /home/u314929967/domains/seodigitalmarketingsolutions.com/public_html/happiness/system/BaseModel.php(865): CodeIgniter\Model->doUpdate(NULL, Array)
#8 /home/u314929967/domains/seodigitalmarketingsolutions.com/public_html/happiness/system/Model.php(646): CodeIgniter\BaseModel->update(NULL, Array)
#9 /home/u314929967/domains/seodigitalmarketingsolutions.com/public_html/happiness/app/Controllers/TodoController.php(59): CodeIgniter\Model->update()
#10 /home/u314929967/domains/seodigitalmarketingsolutions.com/public_html/happiness/system/CodeIgniter.php(824): App\Controllers\TodoController->updateTodo('27')
#11 /home/u314929967/domains/seodigitalmarketingsolutions.com/public_html/happiness/system/CodeIgniter.php(410): CodeIgniter\CodeIgniter->runController(Object(App\Controllers\TodoController))
#12 /home/u314929967/domains/seodigitalmarketingsolutions.com/public_html/happiness/system/CodeIgniter.php(318): CodeIgniter\CodeIgniter->handleRequest(NULL, Object(Config\Cache), false)
#13 /home/u314929967/domains/seodigitalmarketingsolutions.com/public_html/happiness/index.php(37): CodeIgniter\CodeIgniter->run()
#14 {main}
CRITICAL - 2022-05-16 17:21:14 --> Object of class stdClass could not be converted to string
#0 [internal function]: CodeIgniter\Debug\Exceptions->errorHandler(4096, 'Object of class...', '/home/u31492996...', 330, Array)
#1 /home/u314929967/domains/seodigitalmarketingsolutions.com/public_html/happiness/system/Database/Query.php(330): strtr('UPDATE `hs_todo...', Array)
#2 /home/u314929967/domains/seodigitalmarketingsolutions.com/public_html/happiness/system/Database/Query.php(304): CodeIgniter\Database\Query->matchNamedBinds('UPDATE `hs_todo...', Array)
#3 /home/u314929967/domains/seodigitalmarketingsolutions.com/public_html/happiness/system/Database/Query.php(150): CodeIgniter\Database\Query->compileBinds()
#4 /home/u314929967/domains/seodigitalmarketingsolutions.com/public_html/happiness/system/Database/BaseConnection.php(598): CodeIgniter\Database\Query->getQuery()
#5 /home/u314929967/domains/seodigitalmarketingsolutions.com/public_html/happiness/system/Database/BaseBuilder.php(1901): CodeIgniter\Database\BaseConnection->query('UPDATE `hs_todo...', Array, false)
#6 /home/u314929967/domains/seodigitalmarketingsolutions.com/public_html/happiness/system/Model.php(298): CodeIgniter\Database\BaseBuilder->update()
#7 /home/u314929967/domains/seodigitalmarketingsolutions.com/public_html/happiness/system/BaseModel.php(865): CodeIgniter\Model->doUpdate(NULL, Array)
#8 /home/u314929967/domains/seodigitalmarketingsolutions.com/public_html/happiness/system/Model.php(646): CodeIgniter\BaseModel->update(NULL, Array)
#9 /home/u314929967/domains/seodigitalmarketingsolutions.com/public_html/happiness/app/Controllers/TodoController.php(59): CodeIgniter\Model->update()
#10 /home/u314929967/domains/seodigitalmarketingsolutions.com/public_html/happiness/system/CodeIgniter.php(824): App\Controllers\TodoController->updateTodo('27')
#11 /home/u314929967/domains/seodigitalmarketingsolutions.com/public_html/happiness/system/CodeIgniter.php(410): CodeIgniter\CodeIgniter->runController(Object(App\Controllers\TodoController))
#12 /home/u314929967/domains/seodigitalmarketingsolutions.com/public_html/happiness/system/CodeIgniter.php(318): CodeIgniter\CodeIgniter->handleRequest(NULL, Object(Config\Cache), false)
#13 /home/u314929967/domains/seodigitalmarketingsolutions.com/public_html/happiness/index.php(37): CodeIgniter\CodeIgniter->run()
#14 {main}
CRITICAL - 2022-05-16 17:21:14 --> Object of class stdClass could not be converted to string
#0 [internal function]: CodeIgniter\Debug\Exceptions->errorHandler(4096, 'Object of class...', '/home/u31492996...', 330, Array)
#1 /home/u314929967/domains/seodigitalmarketingsolutions.com/public_html/happiness/system/Database/Query.php(330): strtr('UPDATE `hs_todo...', Array)
#2 /home/u314929967/domains/seodigitalmarketingsolutions.com/public_html/happiness/system/Database/Query.php(304): CodeIgniter\Database\Query->matchNamedBinds('UPDATE `hs_todo...', Array)
#3 /home/u314929967/domains/seodigitalmarketingsolutions.com/public_html/happiness/system/Database/Query.php(150): CodeIgniter\Database\Query->compileBinds()
#4 /home/u314929967/domains/seodigitalmarketingsolutions.com/public_html/happiness/system/Database/BaseConnection.php(598): CodeIgniter\Database\Query->getQuery()
#5 /home/u314929967/domains/seodigitalmarketingsolutions.com/public_html/happiness/system/Database/BaseBuilder.php(1901): CodeIgniter\Database\BaseConnection->query('UPDATE `hs_todo...', Array, false)
#6 /home/u314929967/domains/seodigitalmarketingsolutions.com/public_html/happiness/system/Model.php(298): CodeIgniter\Database\BaseBuilder->update()
#7 /home/u314929967/domains/seodigitalmarketingsolutions.com/public_html/happiness/system/BaseModel.php(865): CodeIgniter\Model->doUpdate(NULL, Array)
#8 /home/u314929967/domains/seodigitalmarketingsolutions.com/public_html/happiness/system/Model.php(646): CodeIgniter\BaseModel->update(NULL, Array)
#9 /home/u314929967/domains/seodigitalmarketingsolutions.com/public_html/happiness/app/Controllers/TodoController.php(59): CodeIgniter\Model->update()
#10 /home/u314929967/domains/seodigitalmarketingsolutions.com/public_html/happiness/system/CodeIgniter.php(824): App\Controllers\TodoController->updateTodo('27')
#11 /home/u314929967/domains/seodigitalmarketingsolutions.com/public_html/happiness/system/CodeIgniter.php(410): CodeIgniter\CodeIgniter->runController(Object(App\Controllers\TodoController))
#12 /home/u314929967/domains/seodigitalmarketingsolutions.com/public_html/happiness/system/CodeIgniter.php(318): CodeIgniter\CodeIgniter->handleRequest(NULL, Object(Config\Cache), false)
#13 /home/u314929967/domains/seodigitalmarketingsolutions.com/public_html/happiness/index.php(37): CodeIgniter\CodeIgniter->run()
#14 {main}
CRITICAL - 2022-05-16 17:21:14 --> Object of class stdClass could not be converted to string
#0 [internal function]: CodeIgniter\Debug\Exceptions->errorHandler(4096, 'Object of class...', '/home/u31492996...', 330, Array)
#1 /home/u314929967/domains/seodigitalmarketingsolutions.com/public_html/happiness/system/Database/Query.php(330): strtr('UPDATE `hs_todo...', Array)
#2 /home/u314929967/domains/seodigitalmarketingsolutions.com/public_html/happiness/system/Database/Query.php(304): CodeIgniter\Database\Query->matchNamedBinds('UPDATE `hs_todo...', Array)
#3 /home/u314929967/domains/seodigitalmarketingsolutions.com/public_html/happiness/system/Database/Query.php(150): CodeIgniter\Database\Query->compileBinds()
#4 /home/u314929967/domains/seodigitalmarketingsolutions.com/public_html/happiness/system/Database/BaseConnection.php(598): CodeIgniter\Database\Query->getQuery()
#5 /home/u314929967/domains/seodigitalmarketingsolutions.com/public_html/happiness/system/Database/BaseBuilder.php(1901): CodeIgniter\Database\BaseConnection->query('UPDATE `hs_todo...', Array, false)
#6 /home/u314929967/domains/seodigitalmarketingsolutions.com/public_html/happiness/system/Model.php(298): CodeIgniter\Database\BaseBuilder->update()
#7 /home/u314929967/domains/seodigitalmarketingsolutions.com/public_html/happiness/system/BaseModel.php(865): CodeIgniter\Model->doUpdate(NULL, Array)
#8 /home/u314929967/domains/seodigitalmarketingsolutions.com/public_html/happiness/system/Model.php(646): CodeIgniter\BaseModel->update(NULL, Array)
#9 /home/u314929967/domains/seodigitalmarketingsolutions.com/public_html/happiness/app/Controllers/TodoController.php(59): CodeIgniter\Model->update()
#10 /home/u314929967/domains/seodigitalmarketingsolutions.com/public_html/happiness/system/CodeIgniter.php(824): App\Controllers\TodoController->updateTodo('27')
#11 /home/u314929967/domains/seodigitalmarketingsolutions.com/public_html/happiness/system/CodeIgniter.php(410): CodeIgniter\CodeIgniter->runController(Object(App\Controllers\TodoController))
#12 /home/u314929967/domains/seodigitalmarketingsolutions.com/public_html/happiness/system/CodeIgniter.php(318): CodeIgniter\CodeIgniter->handleRequest(NULL, Object(Config\Cache), false)
#13 /home/u314929967/domains/seodigitalmarketingsolutions.com/public_html/happiness/index.php(37): CodeIgniter\CodeIgniter->run()
#14 {main}
CRITICAL - 2022-05-16 17:21:14 --> Object of class stdClass could not be converted to string
#0 [internal function]: CodeIgniter\Debug\Exceptions->errorHandler(4096, 'Object of class...', '/home/u31492996...', 330, Array)
#1 /home/u314929967/domains/seodigitalmarketingsolutions.com/public_html/happiness/system/Database/Query.php(330): strtr('UPDATE `hs_todo...', Array)
#2 /home/u314929967/domains/seodigitalmarketingsolutions.com/public_html/happiness/system/Database/Query.php(304): CodeIgniter\Database\Query->matchNamedBinds('UPDATE `hs_todo...', Array)
#3 /home/u314929967/domains/seodigitalmarketingsolutions.com/public_html/happiness/system/Database/Query.php(150): CodeIgniter\Database\Query->compileBinds()
#4 /home/u314929967/domains/seodigitalmarketingsolutions.com/public_html/happiness/system/Database/BaseConnection.php(598): CodeIgniter\Database\Query->getQuery()
#5 /home/u314929967/domains/seodigitalmarketingsolutions.com/public_html/happiness/system/Database/BaseBuilder.php(1901): CodeIgniter\Database\BaseConnection->query('UPDATE `hs_todo...', Array, false)
#6 /home/u314929967/domains/seodigitalmarketingsolutions.com/public_html/happiness/system/Model.php(298): CodeIgniter\Database\BaseBuilder->update()
#7 /home/u314929967/domains/seodigitalmarketingsolutions.com/public_html/happiness/system/BaseModel.php(865): CodeIgniter\Model->doUpdate(NULL, Array)
#8 /home/u314929967/domains/seodigitalmarketingsolutions.com/public_html/happiness/system/Model.php(646): CodeIgniter\BaseModel->update(NULL, Array)
#9 /home/u314929967/domains/seodigitalmarketingsolutions.com/public_html/happiness/app/Controllers/TodoController.php(59): CodeIgniter\Model->update()
#10 /home/u314929967/domains/seodigitalmarketingsolutions.com/public_html/happiness/system/CodeIgniter.php(824): App\Controllers\TodoController->updateTodo('27')
#11 /home/u314929967/domains/seodigitalmarketingsolutions.com/public_html/happiness/system/CodeIgniter.php(410): CodeIgniter\CodeIgniter->runController(Object(App\Controllers\TodoController))
#12 /home/u314929967/domains/seodigitalmarketingsolutions.com/public_html/happiness/system/CodeIgniter.php(318): CodeIgniter\CodeIgniter->handleRequest(NULL, Object(Config\Cache), false)
#13 /home/u314929967/domains/seodigitalmarketingsolutions.com/public_html/happiness/index.php(37): CodeIgniter\CodeIgniter->run()
#14 {main}
CRITICAL - 2022-05-16 17:21:14 --> Object of class stdClass could not be converted to string
#0 [internal function]: CodeIgniter\Debug\Exceptions->errorHandler(4096, 'Object of class...', '/home/u31492996...', 330, Array)
#1 /home/u314929967/domains/seodigitalmarketingsolutions.com/public_html/happiness/system/Database/Query.php(330): strtr('UPDATE `hs_todo...', Array)
#2 /home/u314929967/domains/seodigitalmarketingsolutions.com/public_html/happiness/system/Database/Query.php(304): CodeIgniter\Database\Query->matchNamedBinds('UPDATE `hs_todo...', Array)
#3 /home/u314929967/domains/seodigitalmarketingsolutions.com/public_html/happiness/system/Database/Query.php(150): CodeIgniter\Database\Query->compileBinds()
#4 /home/u314929967/domains/seodigitalmarketingsolutions.com/public_html/happiness/system/Database/BaseConnection.php(598): CodeIgniter\Database\Query->getQuery()
#5 /home/u314929967/domains/seodigitalmarketingsolutions.com/public_html/happiness/system/Database/BaseBuilder.php(1901): CodeIgniter\Database\BaseConnection->query('UPDATE `hs_todo...', Array, false)
#6 /home/u314929967/domains/seodigitalmarketingsolutions.com/public_html/happiness/system/Model.php(298): CodeIgniter\Database\BaseBuilder->update()
#7 /home/u314929967/domains/seodigitalmarketingsolutions.com/public_html/happiness/system/BaseModel.php(865): CodeIgniter\Model->doUpdate(NULL, Array)
#8 /home/u314929967/domains/seodigitalmarketingsolutions.com/public_html/happiness/system/Model.php(646): CodeIgniter\BaseModel->update(NULL, Array)
#9 /home/u314929967/domains/seodigitalmarketingsolutions.com/public_html/happiness/app/Controllers/TodoController.php(59): CodeIgniter\Model->update()
#10 /home/u314929967/domains/seodigitalmarketingsolutions.com/public_html/happiness/system/CodeIgniter.php(824): App\Controllers\TodoController->updateTodo('27')
#11 /home/u314929967/domains/seodigitalmarketingsolutions.com/public_html/happiness/system/CodeIgniter.php(410): CodeIgniter\CodeIgniter->runController(Object(App\Controllers\TodoController))
#12 /home/u314929967/domains/seodigitalmarketingsolutions.com/public_html/happiness/system/CodeIgniter.php(318): CodeIgniter\CodeIgniter->handleRequest(NULL, Object(Config\Cache), false)
#13 /home/u314929967/domains/seodigitalmarketingsolutions.com/public_html/happiness/index.php(37): CodeIgniter\CodeIgniter->run()
#14 {main}
CRITICAL - 2022-05-16 17:21:14 --> Object of class stdClass could not be converted to string
#0 [internal function]: CodeIgniter\Debug\Exceptions->errorHandler(4096, 'Object of class...', '/home/u31492996...', 330, Array)
#1 /home/u314929967/domains/seodigitalmarketingsolutions.com/public_html/happiness/system/Database/Query.php(330): strtr('UPDATE `hs_todo...', Array)
#2 /home/u314929967/domains/seodigitalmarketingsolutions.com/public_html/happiness/system/Database/Query.php(304): CodeIgniter\Database\Query->matchNamedBinds('UPDATE `hs_todo...', Array)
#3 /home/u314929967/domains/seodigitalmarketingsolutions.com/public_html/happiness/system/Database/Query.php(150): CodeIgniter\Database\Query->compileBinds()
#4 /home/u314929967/domains/seodigitalmarketingsolutions.com/public_html/happiness/system/Database/BaseConnection.php(598): CodeIgniter\Database\Query->getQuery()
#5 /home/u314929967/domains/seodigitalmarketingsolutions.com/public_html/happiness/system/Database/BaseBuilder.php(1901): CodeIgniter\Database\BaseConnection->query('UPDATE `hs_todo...', Array, false)
#6 /home/u314929967/domains/seodigitalmarketingsolutions.com/public_html/happiness/system/Model.php(298): CodeIgniter\Database\BaseBuilder->update()
#7 /home/u314929967/domains/seodigitalmarketingsolutions.com/public_html/happiness/system/BaseModel.php(865): CodeIgniter\Model->doUpdate(NULL, Array)
#8 /home/u314929967/domains/seodigitalmarketingsolutions.com/public_html/happiness/system/Model.php(646): CodeIgniter\BaseModel->update(NULL, Array)
#9 /home/u314929967/domains/seodigitalmarketingsolutions.com/public_html/happiness/app/Controllers/TodoController.php(59): CodeIgniter\Model->update()
#10 /home/u314929967/domains/seodigitalmarketingsolutions.com/public_html/happiness/system/CodeIgniter.php(824): App\Controllers\TodoController->updateTodo('27')
#11 /home/u314929967/domains/seodigitalmarketingsolutions.com/public_html/happiness/system/CodeIgniter.php(410): CodeIgniter\CodeIgniter->runController(Object(App\Controllers\TodoController))
#12 /home/u314929967/domains/seodigitalmarketingsolutions.com/public_html/happiness/system/CodeIgniter.php(318): CodeIgniter\CodeIgniter->handleRequest(NULL, Object(Config\Cache), false)
#13 /home/u314929967/domains/seodigitalmarketingsolutions.com/public_html/happiness/index.php(37): CodeIgniter\CodeIgniter->run()
#14 {main}
CRITICAL - 2022-05-16 17:21:14 --> Object of class stdClass could not be converted to string
#0 [internal function]: CodeIgniter\Debug\Exceptions->errorHandler(4096, 'Object of class...', '/home/u31492996...', 330, Array)
#1 /home/u314929967/domains/seodigitalmarketingsolutions.com/public_html/happiness/system/Database/Query.php(330): strtr('UPDATE `hs_todo...', Array)
#2 /home/u314929967/domains/seodigitalmarketingsolutions.com/public_html/happiness/system/Database/Query.php(304): CodeIgniter\Database\Query->matchNamedBinds('UPDATE `hs_todo...', Array)
#3 /home/u314929967/domains/seodigitalmarketingsolutions.com/public_html/happiness/system/Database/Query.php(150): CodeIgniter\Database\Query->compileBinds()
#4 /home/u314929967/domains/seodigitalmarketingsolutions.com/public_html/happiness/system/Database/BaseConnection.php(598): CodeIgniter\Database\Query->getQuery()
#5 /home/u314929967/domains/seodigitalmarketingsolutions.com/public_html/happiness/system/Database/BaseBuilder.php(1901): CodeIgniter\Database\BaseConnection->query('UPDATE `hs_todo...', Array, false)
#6 /home/u314929967/domains/seodigitalmarketingsolutions.com/public_html/happiness/system/Model.php(298): CodeIgniter\Database\BaseBuilder->update()
#7 /home/u314929967/domains/seodigitalmarketingsolutions.com/public_html/happiness/system/BaseModel.php(865): CodeIgniter\Model->doUpdate(NULL, Array)
#8 /home/u314929967/domains/seodigitalmarketingsolutions.com/public_html/happiness/system/Model.php(646): CodeIgniter\BaseModel->update(NULL, Array)
#9 /home/u314929967/domains/seodigitalmarketingsolutions.com/public_html/happiness/app/Controllers/TodoController.php(59): CodeIgniter\Model->update()
#10 /home/u314929967/domains/seodigitalmarketingsolutions.com/public_html/happiness/system/CodeIgniter.php(824): App\Controllers\TodoController->updateTodo('27')
#11 /home/u314929967/domains/seodigitalmarketingsolutions.com/public_html/happiness/system/CodeIgniter.php(410): CodeIgniter\CodeIgniter->runController(Object(App\Controllers\TodoController))
#12 /home/u314929967/domains/seodigitalmarketingsolutions.com/public_html/happiness/system/CodeIgniter.php(318): CodeIgniter\CodeIgniter->handleRequest(NULL, Object(Config\Cache), false)
#13 /home/u314929967/domains/seodigitalmarketingsolutions.com/public_html/happiness/index.php(37): CodeIgniter\CodeIgniter->run()
#14 {main}
CRITICAL - 2022-05-16 17:21:14 --> Object of class stdClass could not be converted to string
#0 [internal function]: CodeIgniter\Debug\Exceptions->errorHandler(4096, 'Object of class...', '/home/u31492996...', 330, Array)
#1 /home/u314929967/domains/seodigitalmarketingsolutions.com/public_html/happiness/system/Database/Query.php(330): strtr('UPDATE `hs_todo...', Array)
#2 /home/u314929967/domains/seodigitalmarketingsolutions.com/public_html/happiness/system/Database/Query.php(304): CodeIgniter\Database\Query->matchNamedBinds('UPDATE `hs_todo...', Array)
#3 /home/u314929967/domains/seodigitalmarketingsolutions.com/public_html/happiness/system/Database/Query.php(150): CodeIgniter\Database\Query->compileBinds()
#4 /home/u314929967/domains/seodigitalmarketingsolutions.com/public_html/happiness/system/Database/BaseConnection.php(598): CodeIgniter\Database\Query->getQuery()
#5 /home/u314929967/domains/seodigitalmarketingsolutions.com/public_html/happiness/system/Database/BaseBuilder.php(1901): CodeIgniter\Database\BaseConnection->query('UPDATE `hs_todo...', Array, false)
#6 /home/u314929967/domains/seodigitalmarketingsolutions.com/public_html/happiness/system/Model.php(298): CodeIgniter\Database\BaseBuilder->update()
#7 /home/u314929967/domains/seodigitalmarketingsolutions.com/public_html/happiness/system/BaseModel.php(865): CodeIgniter\Model->doUpdate(NULL, Array)
#8 /home/u314929967/domains/seodigitalmarketingsolutions.com/public_html/happiness/system/Model.php(646): CodeIgniter\BaseModel->update(NULL, Array)
#9 /home/u314929967/domains/seodigitalmarketingsolutions.com/public_html/happiness/app/Controllers/TodoController.php(59): CodeIgniter\Model->update()
#10 /home/u314929967/domains/seodigitalmarketingsolutions.com/public_html/happiness/system/CodeIgniter.php(824): App\Controllers\TodoController->updateTodo('27')
#11 /home/u314929967/domains/seodigitalmarketingsolutions.com/public_html/happiness/system/CodeIgniter.php(410): CodeIgniter\CodeIgniter->runController(Object(App\Controllers\TodoController))
#12 /home/u314929967/domains/seodigitalmarketingsolutions.com/public_html/happiness/system/CodeIgniter.php(318): CodeIgniter\CodeIgniter->handleRequest(NULL, Object(Config\Cache), false)
#13 /home/u314929967/domains/seodigitalmarketingsolutions.com/public_html/happiness/index.php(37): CodeIgniter\CodeIgniter->run()
#14 {main}
CRITICAL - 2022-05-16 17:21:14 --> Object of class stdClass could not be converted to string
#0 [internal function]: CodeIgniter\Debug\Exceptions->errorHandler(4096, 'Object of class...', '/home/u31492996...', 330, Array)
#1 /home/u314929967/domains/seodigitalmarketingsolutions.com/public_html/happiness/system/Database/Query.php(330): strtr('UPDATE `hs_todo...', Array)
#2 /home/u314929967/domains/seodigitalmarketingsolutions.com/public_html/happiness/system/Database/Query.php(304): CodeIgniter\Database\Query->matchNamedBinds('UPDATE `hs_todo...', Array)
#3 /home/u314929967/domains/seodigitalmarketingsolutions.com/public_html/happiness/system/Database/Query.php(150): CodeIgniter\Database\Query->compileBinds()
#4 /home/u314929967/domains/seodigitalmarketingsolutions.com/public_html/happiness/system/Database/BaseConnection.php(598): CodeIgniter\Database\Query->getQuery()
#5 /home/u314929967/domains/seodigitalmarketingsolutions.com/public_html/happiness/system/Database/BaseBuilder.php(1901): CodeIgniter\Database\BaseConnection->query('UPDATE `hs_todo...', Array, false)
#6 /home/u314929967/domains/seodigitalmarketingsolutions.com/public_html/happiness/system/Model.php(298): CodeIgniter\Database\BaseBuilder->update()
#7 /home/u314929967/domains/seodigitalmarketingsolutions.com/public_html/happiness/system/BaseModel.php(865): CodeIgniter\Model->doUpdate(NULL, Array)
#8 /home/u314929967/domains/seodigitalmarketingsolutions.com/public_html/happiness/system/Model.php(646): CodeIgniter\BaseModel->update(NULL, Array)
#9 /home/u314929967/domains/seodigitalmarketingsolutions.com/public_html/happiness/app/Controllers/TodoController.php(59): CodeIgniter\Model->update()
#10 /home/u314929967/domains/seodigitalmarketingsolutions.com/public_html/happiness/system/CodeIgniter.php(824): App\Controllers\TodoController->updateTodo('27')
#11 /home/u314929967/domains/seodigitalmarketingsolutions.com/public_html/happiness/system/CodeIgniter.php(410): CodeIgniter\CodeIgniter->runController(Object(App\Controllers\TodoController))
#12 /home/u314929967/domains/seodigitalmarketingsolutions.com/public_html/happiness/system/CodeIgniter.php(318): CodeIgniter\CodeIgniter->handleRequest(NULL, Object(Config\Cache), false)
#13 /home/u314929967/domains/seodigitalmarketingsolutions.com/public_html/happiness/index.php(37): CodeIgniter\CodeIgniter->run()
#14 {main}
CRITICAL - 2022-05-16 17:21:14 --> Object of class stdClass could not be converted to string
#0 [internal function]: CodeIgniter\Debug\Exceptions->errorHandler(4096, 'Object of class...', '/home/u31492996...', 330, Array)
#1 /home/u314929967/domains/seodigitalmarketingsolutions.com/public_html/happiness/system/Database/Query.php(330): strtr('UPDATE `hs_todo...', Array)
#2 /home/u314929967/domains/seodigitalmarketingsolutions.com/public_html/happiness/system/Database/Query.php(304): CodeIgniter\Database\Query->matchNamedBinds('UPDATE `hs_todo...', Array)
#3 /home/u314929967/domains/seodigitalmarketingsolutions.com/public_html/happiness/system/Database/Query.php(150): CodeIgniter\Database\Query->compileBinds()
#4 /home/u314929967/domains/seodigitalmarketingsolutions.com/public_html/happiness/system/Database/BaseConnection.php(598): CodeIgniter\Database\Query->getQuery()
#5 /home/u314929967/domains/seodigitalmarketingsolutions.com/public_html/happiness/system/Database/BaseBuilder.php(1901): CodeIgniter\Database\BaseConnection->query('UPDATE `hs_todo...', Array, false)
#6 /home/u314929967/domains/seodigitalmarketingsolutions.com/public_html/happiness/system/Model.php(298): CodeIgniter\Database\BaseBuilder->update()
#7 /home/u314929967/domains/seodigitalmarketingsolutions.com/public_html/happiness/system/BaseModel.php(865): CodeIgniter\Model->doUpdate(NULL, Array)
#8 /home/u314929967/domains/seodigitalmarketingsolutions.com/public_html/happiness/system/Model.php(646): CodeIgniter\BaseModel->update(NULL, Array)
#9 /home/u314929967/domains/seodigitalmarketingsolutions.com/public_html/happiness/app/Controllers/TodoController.php(59): CodeIgniter\Model->update()
#10 /home/u314929967/domains/seodigitalmarketingsolutions.com/public_html/happiness/system/CodeIgniter.php(824): App\Controllers\TodoController->updateTodo('27')
#11 /home/u314929967/domains/seodigitalmarketingsolutions.com/public_html/happiness/system/CodeIgniter.php(410): CodeIgniter\CodeIgniter->runController(Object(App\Controllers\TodoController))
#12 /home/u314929967/domains/seodigitalmarketingsolutions.com/public_html/happiness/system/CodeIgniter.php(318): CodeIgniter\CodeIgniter->handleRequest(NULL, Object(Config\Cache), false)
#13 /home/u314929967/domains/seodigitalmarketingsolutions.com/public_html/happiness/index.php(37): CodeIgniter\CodeIgniter->run()
#14 {main}
