ERROR - 2021-11-23 07:49:55 --> Error connecting to the database: Connection refused
CRITICAL - 2021-11-23 07:49:55 --> Unable to connect to the database.
Main connection [MySQLi]: Connection refused
#0 /var/www/html/flutter/system/Database/BaseConnection.php(577): CodeIgniter\Database\BaseConnection->initialize()
#1 /var/www/html/flutter/system/Database/BaseBuilder.php(1443): CodeIgniter\Database\BaseConnection->query('SELECT *\nFROM `...', Array, false)
#2 /var/www/html/flutter/system/Model.php(183): CodeIgniter\Database\BaseBuilder->get()
#3 /var/www/html/flutter/system/BaseModel.php(584): CodeIgniter\Model->doFindAll(0, 0)
#4 /var/www/html/flutter/app/Controllers/UserCrud.php(11): CodeIgniter\BaseModel->findAll()
#5 /var/www/html/flutter/system/CodeIgniter.php(824): App\Controllers\UserCrud->index()
#6 /var/www/html/flutter/system/CodeIgniter.php(410): CodeIgniter\CodeIgniter->runController(Object(App\Controllers\UserCrud))
#7 /var/www/html/flutter/system/CodeIgniter.php(318): CodeIgniter\CodeIgniter->handleRequest(NULL, Object(Config\Cache), false)
#8 /var/www/html/flutter/public/index.php(37): CodeIgniter\CodeIgniter->run()
#9 {main}
ERROR - 2021-11-23 07:55:56 --> Error connecting to the database: Connection refused
CRITICAL - 2021-11-23 07:55:56 --> Unable to connect to the database.
Main connection [MySQLi]: Connection refused
#0 /var/www/html/flutter/system/Database/BaseConnection.php(577): CodeIgniter\Database\BaseConnection->initialize()
#1 /var/www/html/flutter/system/Database/BaseBuilder.php(1443): CodeIgniter\Database\BaseConnection->query('SELECT *\nFROM `...', Array, false)
#2 /var/www/html/flutter/system/Model.php(183): CodeIgniter\Database\BaseBuilder->get()
#3 /var/www/html/flutter/system/BaseModel.php(584): CodeIgniter\Model->doFindAll(0, 0)
#4 /var/www/html/flutter/app/Controllers/UserCrud.php(11): CodeIgniter\BaseModel->findAll()
#5 /var/www/html/flutter/system/CodeIgniter.php(824): App\Controllers\UserCrud->index()
#6 /var/www/html/flutter/system/CodeIgniter.php(410): CodeIgniter\CodeIgniter->runController(Object(App\Controllers\UserCrud))
#7 /var/www/html/flutter/system/CodeIgniter.php(318): CodeIgniter\CodeIgniter->handleRequest(NULL, Object(Config\Cache), false)
#8 /var/www/html/flutter/public/index.php(37): CodeIgniter\CodeIgniter->run()
#9 {main}
ERROR - 2021-11-23 07:55:56 --> Error connecting to the database: Connection refused
CRITICAL - 2021-11-23 07:55:56 --> Unable to connect to the database.
Main connection [MySQLi]: Connection refused
#0 /var/www/html/flutter/system/Database/BaseConnection.php(577): CodeIgniter\Database\BaseConnection->initialize()
#1 /var/www/html/flutter/system/Database/BaseBuilder.php(1443): CodeIgniter\Database\BaseConnection->query('SELECT *\nFROM `...', Array, false)
#2 /var/www/html/flutter/system/Model.php(183): CodeIgniter\Database\BaseBuilder->get()
#3 /var/www/html/flutter/system/BaseModel.php(584): CodeIgniter\Model->doFindAll(0, 0)
#4 /var/www/html/flutter/app/Controllers/UserCrud.php(11): CodeIgniter\BaseModel->findAll()
#5 /var/www/html/flutter/system/CodeIgniter.php(824): App\Controllers\UserCrud->index()
#6 /var/www/html/flutter/system/CodeIgniter.php(410): CodeIgniter\CodeIgniter->runController(Object(App\Controllers\UserCrud))
#7 /var/www/html/flutter/system/CodeIgniter.php(318): CodeIgniter\CodeIgniter->handleRequest(NULL, Object(Config\Cache), false)
#8 /var/www/html/flutter/public/index.php(37): CodeIgniter\CodeIgniter->run()
#9 {main}
ERROR - 2021-11-23 07:55:57 --> Error connecting to the database: Connection refused
CRITICAL - 2021-11-23 07:55:57 --> Unable to connect to the database.
Main connection [MySQLi]: Connection refused
#0 /var/www/html/flutter/system/Database/BaseConnection.php(577): CodeIgniter\Database\BaseConnection->initialize()
#1 /var/www/html/flutter/system/Database/BaseBuilder.php(1443): CodeIgniter\Database\BaseConnection->query('SELECT *\nFROM `...', Array, false)
#2 /var/www/html/flutter/system/Model.php(183): CodeIgniter\Database\BaseBuilder->get()
#3 /var/www/html/flutter/system/BaseModel.php(584): CodeIgniter\Model->doFindAll(0, 0)
#4 /var/www/html/flutter/app/Controllers/UserCrud.php(11): CodeIgniter\BaseModel->findAll()
#5 /var/www/html/flutter/system/CodeIgniter.php(824): App\Controllers\UserCrud->index()
#6 /var/www/html/flutter/system/CodeIgniter.php(410): CodeIgniter\CodeIgniter->runController(Object(App\Controllers\UserCrud))
#7 /var/www/html/flutter/system/CodeIgniter.php(318): CodeIgniter\CodeIgniter->handleRequest(NULL, Object(Config\Cache), false)
#8 /var/www/html/flutter/public/index.php(37): CodeIgniter\CodeIgniter->run()
#9 {main}
ERROR - 2021-11-23 07:55:57 --> Error connecting to the database: Connection refused
CRITICAL - 2021-11-23 07:55:57 --> Unable to connect to the database.
Main connection [MySQLi]: Connection refused
#0 /var/www/html/flutter/system/Database/BaseConnection.php(577): CodeIgniter\Database\BaseConnection->initialize()
#1 /var/www/html/flutter/system/Database/BaseBuilder.php(1443): CodeIgniter\Database\BaseConnection->query('SELECT *\nFROM `...', Array, false)
#2 /var/www/html/flutter/system/Model.php(183): CodeIgniter\Database\BaseBuilder->get()
#3 /var/www/html/flutter/system/BaseModel.php(584): CodeIgniter\Model->doFindAll(0, 0)
#4 /var/www/html/flutter/app/Controllers/UserCrud.php(11): CodeIgniter\BaseModel->findAll()
#5 /var/www/html/flutter/system/CodeIgniter.php(824): App\Controllers\UserCrud->index()
#6 /var/www/html/flutter/system/CodeIgniter.php(410): CodeIgniter\CodeIgniter->runController(Object(App\Controllers\UserCrud))
#7 /var/www/html/flutter/system/CodeIgniter.php(318): CodeIgniter\CodeIgniter->handleRequest(NULL, Object(Config\Cache), false)
#8 /var/www/html/flutter/public/index.php(37): CodeIgniter\CodeIgniter->run()
#9 {main}
ERROR - 2021-11-23 07:55:57 --> Error connecting to the database: Connection refused
CRITICAL - 2021-11-23 07:55:57 --> Unable to connect to the database.
Main connection [MySQLi]: Connection refused
#0 /var/www/html/flutter/system/Database/BaseConnection.php(577): CodeIgniter\Database\BaseConnection->initialize()
#1 /var/www/html/flutter/system/Database/BaseBuilder.php(1443): CodeIgniter\Database\BaseConnection->query('SELECT *\nFROM `...', Array, false)
#2 /var/www/html/flutter/system/Model.php(183): CodeIgniter\Database\BaseBuilder->get()
#3 /var/www/html/flutter/system/BaseModel.php(584): CodeIgniter\Model->doFindAll(0, 0)
#4 /var/www/html/flutter/app/Controllers/UserCrud.php(11): CodeIgniter\BaseModel->findAll()
#5 /var/www/html/flutter/system/CodeIgniter.php(824): App\Controllers\UserCrud->index()
#6 /var/www/html/flutter/system/CodeIgniter.php(410): CodeIgniter\CodeIgniter->runController(Object(App\Controllers\UserCrud))
#7 /var/www/html/flutter/system/CodeIgniter.php(318): CodeIgniter\CodeIgniter->handleRequest(NULL, Object(Config\Cache), false)
#8 /var/www/html/flutter/public/index.php(37): CodeIgniter\CodeIgniter->run()
#9 {main}
ERROR - 2021-11-23 07:56:12 --> Error connecting to the database: Connection refused
CRITICAL - 2021-11-23 07:56:12 --> Unable to connect to the database.
Main connection [MySQLi]: Connection refused
#0 /var/www/html/flutter/system/Database/BaseConnection.php(577): CodeIgniter\Database\BaseConnection->initialize()
#1 /var/www/html/flutter/system/Database/BaseBuilder.php(1443): CodeIgniter\Database\BaseConnection->query('SELECT *\nFROM `...', Array, false)
#2 /var/www/html/flutter/system/Model.php(183): CodeIgniter\Database\BaseBuilder->get()
#3 /var/www/html/flutter/system/BaseModel.php(584): CodeIgniter\Model->doFindAll(0, 0)
#4 /var/www/html/flutter/app/Controllers/UserCrud.php(11): CodeIgniter\BaseModel->findAll()
#5 /var/www/html/flutter/system/CodeIgniter.php(824): App\Controllers\UserCrud->index()
#6 /var/www/html/flutter/system/CodeIgniter.php(410): CodeIgniter\CodeIgniter->runController(Object(App\Controllers\UserCrud))
#7 /var/www/html/flutter/system/CodeIgniter.php(318): CodeIgniter\CodeIgniter->handleRequest(NULL, Object(Config\Cache), false)
#8 /var/www/html/flutter/public/index.php(37): CodeIgniter\CodeIgniter->run()
#9 {main}
ERROR - 2021-11-23 08:04:19 --> Error connecting to the database: Connection refused
CRITICAL - 2021-11-23 08:04:19 --> Unable to connect to the database.
Main connection [MySQLi]: Connection refused
#0 /var/www/html/flutter/system/Database/BaseConnection.php(577): CodeIgniter\Database\BaseConnection->initialize()
#1 /var/www/html/flutter/system/Database/BaseBuilder.php(1443): CodeIgniter\Database\BaseConnection->query('SELECT *\nFROM `...', Array, false)
#2 /var/www/html/flutter/system/Model.php(183): CodeIgniter\Database\BaseBuilder->get()
#3 /var/www/html/flutter/system/BaseModel.php(584): CodeIgniter\Model->doFindAll(0, 0)
#4 /var/www/html/flutter/app/Controllers/UserCrud.php(11): CodeIgniter\BaseModel->findAll()
#5 /var/www/html/flutter/system/CodeIgniter.php(824): App\Controllers\UserCrud->index()
#6 /var/www/html/flutter/system/CodeIgniter.php(410): CodeIgniter\CodeIgniter->runController(Object(App\Controllers\UserCrud))
#7 /var/www/html/flutter/system/CodeIgniter.php(318): CodeIgniter\CodeIgniter->handleRequest(NULL, Object(Config\Cache), false)
#8 /var/www/html/flutter/public/index.php(37): CodeIgniter\CodeIgniter->run()
#9 {main}
ERROR - 2021-11-23 08:04:19 --> Error connecting to the database: Connection refused
CRITICAL - 2021-11-23 08:04:19 --> Unable to connect to the database.
Main connection [MySQLi]: Connection refused
#0 /var/www/html/flutter/system/Database/BaseConnection.php(577): CodeIgniter\Database\BaseConnection->initialize()
#1 /var/www/html/flutter/system/Database/BaseBuilder.php(1443): CodeIgniter\Database\BaseConnection->query('SELECT *\nFROM `...', Array, false)
#2 /var/www/html/flutter/system/Model.php(183): CodeIgniter\Database\BaseBuilder->get()
#3 /var/www/html/flutter/system/BaseModel.php(584): CodeIgniter\Model->doFindAll(0, 0)
#4 /var/www/html/flutter/app/Controllers/UserCrud.php(11): CodeIgniter\BaseModel->findAll()
#5 /var/www/html/flutter/system/CodeIgniter.php(824): App\Controllers\UserCrud->index()
#6 /var/www/html/flutter/system/CodeIgniter.php(410): CodeIgniter\CodeIgniter->runController(Object(App\Controllers\UserCrud))
#7 /var/www/html/flutter/system/CodeIgniter.php(318): CodeIgniter\CodeIgniter->handleRequest(NULL, Object(Config\Cache), false)
#8 /var/www/html/flutter/public/index.php(37): CodeIgniter\CodeIgniter->run()
#9 {main}
ERROR - 2021-11-23 08:04:20 --> Error connecting to the database: Connection refused
CRITICAL - 2021-11-23 08:04:20 --> Unable to connect to the database.
Main connection [MySQLi]: Connection refused
#0 /var/www/html/flutter/system/Database/BaseConnection.php(577): CodeIgniter\Database\BaseConnection->initialize()
#1 /var/www/html/flutter/system/Database/BaseBuilder.php(1443): CodeIgniter\Database\BaseConnection->query('SELECT *\nFROM `...', Array, false)
#2 /var/www/html/flutter/system/Model.php(183): CodeIgniter\Database\BaseBuilder->get()
#3 /var/www/html/flutter/system/BaseModel.php(584): CodeIgniter\Model->doFindAll(0, 0)
#4 /var/www/html/flutter/app/Controllers/UserCrud.php(11): CodeIgniter\BaseModel->findAll()
#5 /var/www/html/flutter/system/CodeIgniter.php(824): App\Controllers\UserCrud->index()
#6 /var/www/html/flutter/system/CodeIgniter.php(410): CodeIgniter\CodeIgniter->runController(Object(App\Controllers\UserCrud))
#7 /var/www/html/flutter/system/CodeIgniter.php(318): CodeIgniter\CodeIgniter->handleRequest(NULL, Object(Config\Cache), false)
#8 /var/www/html/flutter/public/index.php(37): CodeIgniter\CodeIgniter->run()
#9 {main}
ERROR - 2021-11-23 08:04:20 --> Error connecting to the database: Connection refused
CRITICAL - 2021-11-23 08:04:20 --> Unable to connect to the database.
Main connection [MySQLi]: Connection refused
#0 /var/www/html/flutter/system/Database/BaseConnection.php(577): CodeIgniter\Database\BaseConnection->initialize()
#1 /var/www/html/flutter/system/Database/BaseBuilder.php(1443): CodeIgniter\Database\BaseConnection->query('SELECT *\nFROM `...', Array, false)
#2 /var/www/html/flutter/system/Model.php(183): CodeIgniter\Database\BaseBuilder->get()
#3 /var/www/html/flutter/system/BaseModel.php(584): CodeIgniter\Model->doFindAll(0, 0)
#4 /var/www/html/flutter/app/Controllers/UserCrud.php(11): CodeIgniter\BaseModel->findAll()
#5 /var/www/html/flutter/system/CodeIgniter.php(824): App\Controllers\UserCrud->index()
#6 /var/www/html/flutter/system/CodeIgniter.php(410): CodeIgniter\CodeIgniter->runController(Object(App\Controllers\UserCrud))
#7 /var/www/html/flutter/system/CodeIgniter.php(318): CodeIgniter\CodeIgniter->handleRequest(NULL, Object(Config\Cache), false)
#8 /var/www/html/flutter/public/index.php(37): CodeIgniter\CodeIgniter->run()
#9 {main}
ERROR - 2021-11-23 08:04:20 --> Error connecting to the database: Connection refused
CRITICAL - 2021-11-23 08:04:20 --> Unable to connect to the database.
Main connection [MySQLi]: Connection refused
#0 /var/www/html/flutter/system/Database/BaseConnection.php(577): CodeIgniter\Database\BaseConnection->initialize()
#1 /var/www/html/flutter/system/Database/BaseBuilder.php(1443): CodeIgniter\Database\BaseConnection->query('SELECT *\nFROM `...', Array, false)
#2 /var/www/html/flutter/system/Model.php(183): CodeIgniter\Database\BaseBuilder->get()
#3 /var/www/html/flutter/system/BaseModel.php(584): CodeIgniter\Model->doFindAll(0, 0)
#4 /var/www/html/flutter/app/Controllers/UserCrud.php(11): CodeIgniter\BaseModel->findAll()
#5 /var/www/html/flutter/system/CodeIgniter.php(824): App\Controllers\UserCrud->index()
#6 /var/www/html/flutter/system/CodeIgniter.php(410): CodeIgniter\CodeIgniter->runController(Object(App\Controllers\UserCrud))
#7 /var/www/html/flutter/system/CodeIgniter.php(318): CodeIgniter\CodeIgniter->handleRequest(NULL, Object(Config\Cache), false)
#8 /var/www/html/flutter/public/index.php(37): CodeIgniter\CodeIgniter->run()
#9 {main}
ERROR - 2021-11-23 08:04:20 --> Error connecting to the database: Connection refused
CRITICAL - 2021-11-23 08:04:20 --> Unable to connect to the database.
Main connection [MySQLi]: Connection refused
#0 /var/www/html/flutter/system/Database/BaseConnection.php(577): CodeIgniter\Database\BaseConnection->initialize()
#1 /var/www/html/flutter/system/Database/BaseBuilder.php(1443): CodeIgniter\Database\BaseConnection->query('SELECT *\nFROM `...', Array, false)
#2 /var/www/html/flutter/system/Model.php(183): CodeIgniter\Database\BaseBuilder->get()
#3 /var/www/html/flutter/system/BaseModel.php(584): CodeIgniter\Model->doFindAll(0, 0)
#4 /var/www/html/flutter/app/Controllers/UserCrud.php(11): CodeIgniter\BaseModel->findAll()
#5 /var/www/html/flutter/system/CodeIgniter.php(824): App\Controllers\UserCrud->index()
#6 /var/www/html/flutter/system/CodeIgniter.php(410): CodeIgniter\CodeIgniter->runController(Object(App\Controllers\UserCrud))
#7 /var/www/html/flutter/system/CodeIgniter.php(318): CodeIgniter\CodeIgniter->handleRequest(NULL, Object(Config\Cache), false)
#8 /var/www/html/flutter/public/index.php(37): CodeIgniter\CodeIgniter->run()
#9 {main}
ERROR - 2021-11-23 08:04:20 --> Error connecting to the database: Connection refused
CRITICAL - 2021-11-23 08:04:20 --> Unable to connect to the database.
Main connection [MySQLi]: Connection refused
#0 /var/www/html/flutter/system/Database/BaseConnection.php(577): CodeIgniter\Database\BaseConnection->initialize()
#1 /var/www/html/flutter/system/Database/BaseBuilder.php(1443): CodeIgniter\Database\BaseConnection->query('SELECT *\nFROM `...', Array, false)
#2 /var/www/html/flutter/system/Model.php(183): CodeIgniter\Database\BaseBuilder->get()
#3 /var/www/html/flutter/system/BaseModel.php(584): CodeIgniter\Model->doFindAll(0, 0)
#4 /var/www/html/flutter/app/Controllers/UserCrud.php(11): CodeIgniter\BaseModel->findAll()
#5 /var/www/html/flutter/system/CodeIgniter.php(824): App\Controllers\UserCrud->index()
#6 /var/www/html/flutter/system/CodeIgniter.php(410): CodeIgniter\CodeIgniter->runController(Object(App\Controllers\UserCrud))
#7 /var/www/html/flutter/system/CodeIgniter.php(318): CodeIgniter\CodeIgniter->handleRequest(NULL, Object(Config\Cache), false)
#8 /var/www/html/flutter/public/index.php(37): CodeIgniter\CodeIgniter->run()
#9 {main}
ERROR - 2021-11-23 08:04:20 --> Error connecting to the database: Connection refused
CRITICAL - 2021-11-23 08:04:20 --> Unable to connect to the database.
Main connection [MySQLi]: Connection refused
#0 /var/www/html/flutter/system/Database/BaseConnection.php(577): CodeIgniter\Database\BaseConnection->initialize()
#1 /var/www/html/flutter/system/Database/BaseBuilder.php(1443): CodeIgniter\Database\BaseConnection->query('SELECT *\nFROM `...', Array, false)
#2 /var/www/html/flutter/system/Model.php(183): CodeIgniter\Database\BaseBuilder->get()
#3 /var/www/html/flutter/system/BaseModel.php(584): CodeIgniter\Model->doFindAll(0, 0)
#4 /var/www/html/flutter/app/Controllers/UserCrud.php(11): CodeIgniter\BaseModel->findAll()
#5 /var/www/html/flutter/system/CodeIgniter.php(824): App\Controllers\UserCrud->index()
#6 /var/www/html/flutter/system/CodeIgniter.php(410): CodeIgniter\CodeIgniter->runController(Object(App\Controllers\UserCrud))
#7 /var/www/html/flutter/system/CodeIgniter.php(318): CodeIgniter\CodeIgniter->handleRequest(NULL, Object(Config\Cache), false)
#8 /var/www/html/flutter/public/index.php(37): CodeIgniter\CodeIgniter->run()
#9 {main}
ERROR - 2021-11-23 08:04:21 --> Error connecting to the database: Connection refused
CRITICAL - 2021-11-23 08:04:21 --> Unable to connect to the database.
Main connection [MySQLi]: Connection refused
#0 /var/www/html/flutter/system/Database/BaseConnection.php(577): CodeIgniter\Database\BaseConnection->initialize()
#1 /var/www/html/flutter/system/Database/BaseBuilder.php(1443): CodeIgniter\Database\BaseConnection->query('SELECT *\nFROM `...', Array, false)
#2 /var/www/html/flutter/system/Model.php(183): CodeIgniter\Database\BaseBuilder->get()
#3 /var/www/html/flutter/system/BaseModel.php(584): CodeIgniter\Model->doFindAll(0, 0)
#4 /var/www/html/flutter/app/Controllers/UserCrud.php(11): CodeIgniter\BaseModel->findAll()
#5 /var/www/html/flutter/system/CodeIgniter.php(824): App\Controllers\UserCrud->index()
#6 /var/www/html/flutter/system/CodeIgniter.php(410): CodeIgniter\CodeIgniter->runController(Object(App\Controllers\UserCrud))
#7 /var/www/html/flutter/system/CodeIgniter.php(318): CodeIgniter\CodeIgniter->handleRequest(NULL, Object(Config\Cache), false)
#8 /var/www/html/flutter/public/index.php(37): CodeIgniter\CodeIgniter->run()
#9 {main}
ERROR - 2021-11-23 08:04:21 --> Error connecting to the database: Connection refused
CRITICAL - 2021-11-23 08:04:21 --> Unable to connect to the database.
Main connection [MySQLi]: Connection refused
#0 /var/www/html/flutter/system/Database/BaseConnection.php(577): CodeIgniter\Database\BaseConnection->initialize()
#1 /var/www/html/flutter/system/Database/BaseBuilder.php(1443): CodeIgniter\Database\BaseConnection->query('SELECT *\nFROM `...', Array, false)
#2 /var/www/html/flutter/system/Model.php(183): CodeIgniter\Database\BaseBuilder->get()
#3 /var/www/html/flutter/system/BaseModel.php(584): CodeIgniter\Model->doFindAll(0, 0)
#4 /var/www/html/flutter/app/Controllers/UserCrud.php(11): CodeIgniter\BaseModel->findAll()
#5 /var/www/html/flutter/system/CodeIgniter.php(824): App\Controllers\UserCrud->index()
#6 /var/www/html/flutter/system/CodeIgniter.php(410): CodeIgniter\CodeIgniter->runController(Object(App\Controllers\UserCrud))
#7 /var/www/html/flutter/system/CodeIgniter.php(318): CodeIgniter\CodeIgniter->handleRequest(NULL, Object(Config\Cache), false)
#8 /var/www/html/flutter/public/index.php(37): CodeIgniter\CodeIgniter->run()
#9 {main}
