CRITICAL - 2021-11-22 07:52:41 --> syntax error, unexpected end of file
#0 /var/www/html/flutter/system/Autoloader/Autoloader.php(241): CodeIgniter\Autoloader\Autoloader->includeFile('/var/www/html/f...')
#1 /var/www/html/flutter/system/Autoloader/Autoloader.php(219): CodeIgniter\Autoloader\Autoloader->loadInNamespace('App\\Models\\User...')
#2 [internal function]: CodeIgniter\Autoloader\Autoloader->loadClass('App\\Models\\User...')
#3 /var/www/html/flutter/app/Controllers/UserCrud.php(10): spl_autoload_call('App\\Models\\User...')
#4 /var/www/html/flutter/system/CodeIgniter.php(824): App\Controllers\UserCrud->index()
#5 /var/www/html/flutter/system/CodeIgniter.php(410): CodeIgniter\CodeIgniter->runController(Object(App\Controllers\UserCrud))
#6 /var/www/html/flutter/system/CodeIgniter.php(318): CodeIgniter\CodeIgniter->handleRequest(NULL, Object(Config\Cache), false)
#7 /var/www/html/flutter/public/index.php(37): CodeIgniter\CodeIgniter->run()
#8 /var/www/html/flutter/system/Commands/Server/rewrite.php(43): require_once('/var/www/html/f...')
#9 {main}
ERROR - 2021-11-22 07:53:19 --> Error connecting to the database: Unknown database 'cicurd'
CRITICAL - 2021-11-22 07:53:19 --> Unable to connect to the database.
Main connection [MySQLi]: Unknown database 'cicurd'
#0 /var/www/html/flutter/system/Database/BaseConnection.php(577): CodeIgniter\Database\BaseConnection->initialize()
#1 /var/www/html/flutter/system/Database/BaseBuilder.php(1443): CodeIgniter\Database\BaseConnection->query('SELECT *\nFROM `...', Array, false)
#2 /var/www/html/flutter/system/Model.php(183): CodeIgniter\Database\BaseBuilder->get()
#3 /var/www/html/flutter/system/BaseModel.php(584): CodeIgniter\Model->doFindAll(0, 0)
#4 /var/www/html/flutter/app/Controllers/UserCrud.php(11): CodeIgniter\BaseModel->findAll()
#5 /var/www/html/flutter/system/CodeIgniter.php(824): App\Controllers\UserCrud->index()
#6 /var/www/html/flutter/system/CodeIgniter.php(410): CodeIgniter\CodeIgniter->runController(Object(App\Controllers\UserCrud))
#7 /var/www/html/flutter/system/CodeIgniter.php(318): CodeIgniter\CodeIgniter->handleRequest(NULL, Object(Config\Cache), false)
#8 /var/www/html/flutter/public/index.php(37): CodeIgniter\CodeIgniter->run()
#9 /var/www/html/flutter/system/Commands/Server/rewrite.php(43): require_once('/var/www/html/f...')
#10 {main}
ERROR - 2021-11-22 07:54:17 --> Error connecting to the database: Unknown database 'cicurd'
CRITICAL - 2021-11-22 07:54:17 --> Unable to connect to the database.
Main connection [MySQLi]: Unknown database 'cicurd'
#0 /var/www/html/flutter/system/Database/BaseConnection.php(577): CodeIgniter\Database\BaseConnection->initialize()
#1 /var/www/html/flutter/system/Database/BaseBuilder.php(1443): CodeIgniter\Database\BaseConnection->query('SELECT *\nFROM `...', Array, false)
#2 /var/www/html/flutter/system/Model.php(183): CodeIgniter\Database\BaseBuilder->get()
#3 /var/www/html/flutter/system/BaseModel.php(584): CodeIgniter\Model->doFindAll(0, 0)
#4 /var/www/html/flutter/app/Controllers/UserCrud.php(11): CodeIgniter\BaseModel->findAll()
#5 /var/www/html/flutter/system/CodeIgniter.php(824): App\Controllers\UserCrud->index()
#6 /var/www/html/flutter/system/CodeIgniter.php(410): CodeIgniter\CodeIgniter->runController(Object(App\Controllers\UserCrud))
#7 /var/www/html/flutter/system/CodeIgniter.php(318): CodeIgniter\CodeIgniter->handleRequest(NULL, Object(Config\Cache), false)
#8 /var/www/html/flutter/public/index.php(37): CodeIgniter\CodeIgniter->run()
#9 /var/www/html/flutter/system/Commands/Server/rewrite.php(43): require_once('/var/www/html/f...')
#10 {main}
ERROR - 2021-11-22 07:58:22 --> Error connecting to the database: Unknown database 'cicurd'
CRITICAL - 2021-11-22 07:58:22 --> Unable to connect to the database.
Main connection [MySQLi]: Unknown database 'cicurd'
#0 /var/www/html/flutter/system/Database/BaseConnection.php(577): CodeIgniter\Database\BaseConnection->initialize()
#1 /var/www/html/flutter/system/Database/BaseBuilder.php(1443): CodeIgniter\Database\BaseConnection->query('SELECT *\nFROM `...', Array, false)
#2 /var/www/html/flutter/system/Model.php(183): CodeIgniter\Database\BaseBuilder->get()
#3 /var/www/html/flutter/system/BaseModel.php(584): CodeIgniter\Model->doFindAll(0, 0)
#4 /var/www/html/flutter/app/Controllers/UserCrud.php(11): CodeIgniter\BaseModel->findAll()
#5 /var/www/html/flutter/system/CodeIgniter.php(824): App\Controllers\UserCrud->index()
#6 /var/www/html/flutter/system/CodeIgniter.php(410): CodeIgniter\CodeIgniter->runController(Object(App\Controllers\UserCrud))
#7 /var/www/html/flutter/system/CodeIgniter.php(318): CodeIgniter\CodeIgniter->handleRequest(NULL, Object(Config\Cache), false)
#8 /var/www/html/flutter/public/index.php(37): CodeIgniter\CodeIgniter->run()
#9 /var/www/html/flutter/system/Commands/Server/rewrite.php(43): require_once('/var/www/html/f...')
#10 {main}
ERROR - 2021-11-22 07:59:32 --> Error connecting to the database: Connection refused
CRITICAL - 2021-11-22 07:59:32 --> Unable to connect to the database.
Main connection [MySQLi]: Connection refused
#0 /var/www/html/flutter/system/Database/BaseConnection.php(577): CodeIgniter\Database\BaseConnection->initialize()
#1 /var/www/html/flutter/system/Database/BaseBuilder.php(1443): CodeIgniter\Database\BaseConnection->query('SELECT *\nFROM `...', Array, false)
#2 /var/www/html/flutter/system/Model.php(183): CodeIgniter\Database\BaseBuilder->get()
#3 /var/www/html/flutter/system/BaseModel.php(584): CodeIgniter\Model->doFindAll(0, 0)
#4 /var/www/html/flutter/app/Controllers/UserCrud.php(11): CodeIgniter\BaseModel->findAll()
#5 /var/www/html/flutter/system/CodeIgniter.php(824): App\Controllers\UserCrud->index()
#6 /var/www/html/flutter/system/CodeIgniter.php(410): CodeIgniter\CodeIgniter->runController(Object(App\Controllers\UserCrud))
#7 /var/www/html/flutter/system/CodeIgniter.php(318): CodeIgniter\CodeIgniter->handleRequest(NULL, Object(Config\Cache), false)
#8 /var/www/html/flutter/public/index.php(37): CodeIgniter\CodeIgniter->run()
#9 /var/www/html/flutter/system/Commands/Server/rewrite.php(43): require_once('/var/www/html/f...')
#10 {main}
