CRITICAL - 2022-08-24 17:22:03 --> Array to string conversion
#0 /home/u314929967/domains/seodigitalmarketingsolutions.com/public_html/happiness/app/Controllers/WeeklyController.php(106): CodeIgniter\Debug\Exceptions->errorHandler(8, 'Array to string...', '/home/u31492996...', 106, Array)
#1 /home/u314929967/domains/seodigitalmarketingsolutions.com/public_html/happiness/system/CodeIgniter.php(824): App\Controllers\WeeklyController->getWeeklyRecords('85')
#2 /home/u314929967/domains/seodigitalmarketingsolutions.com/public_html/happiness/system/CodeIgniter.php(410): CodeIgniter\CodeIgniter->runController(Object(App\Controllers\WeeklyController))
#3 /home/u314929967/domains/seodigitalmarketingsolutions.com/public_html/happiness/system/CodeIgniter.php(318): CodeIgniter\CodeIgniter->handleRequest(NULL, Object(Config\Cache), false)
#4 /home/u314929967/domains/seodigitalmarketingsolutions.com/public_html/happiness/index.php(39): CodeIgniter\CodeIgniter->run()
#5 {main}
CRITICAL - 2022-08-24 17:53:27 --> Call to undefined method App\Models\JournalModel::or_where
#0 /home/u314929967/domains/seodigitalmarketingsolutions.com/public_html/happiness/app/Controllers/WeeklyController.php(92): CodeIgniter\Model->__call('or_where', Array)
#1 /home/u314929967/domains/seodigitalmarketingsolutions.com/public_html/happiness/system/CodeIgniter.php(824): App\Controllers\WeeklyController->getWeeklyRecords('85')
#2 /home/u314929967/domains/seodigitalmarketingsolutions.com/public_html/happiness/system/CodeIgniter.php(410): CodeIgniter\CodeIgniter->runController(Object(App\Controllers\WeeklyController))
#3 /home/u314929967/domains/seodigitalmarketingsolutions.com/public_html/happiness/system/CodeIgniter.php(318): CodeIgniter\CodeIgniter->handleRequest(NULL, Object(Config\Cache), false)
#4 /home/u314929967/domains/seodigitalmarketingsolutions.com/public_html/happiness/index.php(39): CodeIgniter\CodeIgniter->run()
#5 {main}
CRITICAL - 2022-08-24 17:54:00 --> Call to undefined method App\Models\JournalModel::or_where
#0 /home/u314929967/domains/seodigitalmarketingsolutions.com/public_html/happiness/app/Controllers/WeeklyController.php(92): CodeIgniter\Model->__call('or_where', Array)
#1 /home/u314929967/domains/seodigitalmarketingsolutions.com/public_html/happiness/system/CodeIgniter.php(824): App\Controllers\WeeklyController->getWeeklyRecords('85')
#2 /home/u314929967/domains/seodigitalmarketingsolutions.com/public_html/happiness/system/CodeIgniter.php(410): CodeIgniter\CodeIgniter->runController(Object(App\Controllers\WeeklyController))
#3 /home/u314929967/domains/seodigitalmarketingsolutions.com/public_html/happiness/system/CodeIgniter.php(318): CodeIgniter\CodeIgniter->handleRequest(NULL, Object(Config\Cache), false)
#4 /home/u314929967/domains/seodigitalmarketingsolutions.com/public_html/happiness/index.php(39): CodeIgniter\CodeIgniter->run()
#5 {main}
ERROR - 2022-08-24 18:02:56 --> You have an error in your SQL syntax; check the manual that corresponds to your MariaDB server version for the right syntax to use near '' at line 5
CRITICAL - 2022-08-24 18:02:56 --> Call to a member function getResult() on bool
#0 /home/u314929967/domains/seodigitalmarketingsolutions.com/public_html/happiness/system/BaseModel.php(523): CodeIgniter\Model->doFind(false, NULL)
#1 /home/u314929967/domains/seodigitalmarketingsolutions.com/public_html/happiness/app/Controllers/WeeklyController.php(100): CodeIgniter\BaseModel->find()
#2 /home/u314929967/domains/seodigitalmarketingsolutions.com/public_html/happiness/system/CodeIgniter.php(824): App\Controllers\WeeklyController->getWeeklyRecords('85')
#3 /home/u314929967/domains/seodigitalmarketingsolutions.com/public_html/happiness/system/CodeIgniter.php(410): CodeIgniter\CodeIgniter->runController(Object(App\Controllers\WeeklyController))
#4 /home/u314929967/domains/seodigitalmarketingsolutions.com/public_html/happiness/system/CodeIgniter.php(318): CodeIgniter\CodeIgniter->handleRequest(NULL, Object(Config\Cache), false)
#5 /home/u314929967/domains/seodigitalmarketingsolutions.com/public_html/happiness/index.php(39): CodeIgniter\CodeIgniter->run()
#6 {main}
