CRITICAL - 2021-12-03 04:17:35 --> Class 'App\Models\FeedbackModel' not found
#0 C:\xampp\htdocs\api\system\CodeIgniter.php(824): App\Controllers\FeedbackCrud->getalldata()
#1 C:\xampp\htdocs\api\system\CodeIgniter.php(410): CodeIgniter\CodeIgniter->runController(Object(App\Controllers\FeedbackCrud))
#2 C:\xampp\htdocs\api\system\CodeIgniter.php(318): CodeIgniter\CodeIgniter->handleRequest(NULL, Object(Config\Cache), false)
#3 C:\xampp\htdocs\api\index.php(37): CodeIgniter\CodeIgniter->run()
#4 {main}
CRITICAL - 2021-12-03 04:19:06 --> Class 'App\Models\FeedbackModel' not found
#0 C:\xampp\htdocs\api\system\CodeIgniter.php(824): App\Controllers\FeedbackCrud->getalldata()
#1 C:\xampp\htdocs\api\system\CodeIgniter.php(410): CodeIgniter\CodeIgniter->runController(Object(App\Controllers\FeedbackCrud))
#2 C:\xampp\htdocs\api\system\CodeIgniter.php(318): CodeIgniter\CodeIgniter->handleRequest(NULL, Object(Config\Cache), false)
#3 C:\xampp\htdocs\api\index.php(37): CodeIgniter\CodeIgniter->run()
#4 {main}
CRITICAL - 2021-12-03 04:19:10 --> Class 'App\Models\FeedbackModel' not found
#0 C:\xampp\htdocs\api\system\CodeIgniter.php(824): App\Controllers\FeedbackCrud->getalldata()
#1 C:\xampp\htdocs\api\system\CodeIgniter.php(410): CodeIgniter\CodeIgniter->runController(Object(App\Controllers\FeedbackCrud))
#2 C:\xampp\htdocs\api\system\CodeIgniter.php(318): CodeIgniter\CodeIgniter->handleRequest(NULL, Object(Config\Cache), false)
#3 C:\xampp\htdocs\api\index.php(37): CodeIgniter\CodeIgniter->run()
#4 {main}
CRITICAL - 2021-12-03 04:19:36 --> Class 'App\Models\FeedbackModel' not found
#0 C:\xampp\htdocs\api\system\CodeIgniter.php(824): App\Controllers\FeedbackCrud->getalldata()
#1 C:\xampp\htdocs\api\system\CodeIgniter.php(410): CodeIgniter\CodeIgniter->runController(Object(App\Controllers\FeedbackCrud))
#2 C:\xampp\htdocs\api\system\CodeIgniter.php(318): CodeIgniter\CodeIgniter->handleRequest(NULL, Object(Config\Cache), false)
#3 C:\xampp\htdocs\api\index.php(37): CodeIgniter\CodeIgniter->run()
#4 {main}
