ERROR - 2022-07-25 15:41:31 --> Unknown column 'id' in 'where clause'
ERROR - 2022-07-25 15:41:39 --> Unknown column 'id' in 'where clause'
ERROR - 2022-07-25 15:41:42 --> Unknown column 'id' in 'where clause'
CRITICAL - 2022-07-25 16:59:39 --> Use of undefined constant rs - assumed 'rs' (this will throw an Error in a future version of PHP)
#0 /home/u314929967/domains/seodigitalmarketingsolutions.com/public_html/happiness/app/Controllers/UserController.php(71): CodeIgniter\Debug\Exceptions->errorHandler(2, 'Use of undefine...', '/home/u31492996...', 71, Array)
#1 /home/u314929967/domains/seodigitalmarketingsolutions.com/public_html/happiness/system/CodeIgniter.php(824): App\Controllers\UserController->loginUser()
#2 /home/u314929967/domains/seodigitalmarketingsolutions.com/public_html/happiness/system/CodeIgniter.php(410): CodeIgniter\CodeIgniter->runController(Object(App\Controllers\UserController))
#3 /home/u314929967/domains/seodigitalmarketingsolutions.com/public_html/happiness/system/CodeIgniter.php(318): CodeIgniter\CodeIgniter->handleRequest(NULL, Object(Config\Cache), false)
#4 /home/u314929967/domains/seodigitalmarketingsolutions.com/public_html/happiness/index.php(37): CodeIgniter\CodeIgniter->run()
#5 {main}
CRITICAL - 2022-07-25 17:00:27 --> Use of undefined constant rs - assumed 'rs' (this will throw an Error in a future version of PHP)
#0 /home/u314929967/domains/seodigitalmarketingsolutions.com/public_html/happiness/app/Controllers/UserController.php(71): CodeIgniter\Debug\Exceptions->errorHandler(2, 'Use of undefine...', '/home/u31492996...', 71, Array)
#1 /home/u314929967/domains/seodigitalmarketingsolutions.com/public_html/happiness/system/CodeIgniter.php(824): App\Controllers\UserController->loginUser()
#2 /home/u314929967/domains/seodigitalmarketingsolutions.com/public_html/happiness/system/CodeIgniter.php(410): CodeIgniter\CodeIgniter->runController(Object(App\Controllers\UserController))
#3 /home/u314929967/domains/seodigitalmarketingsolutions.com/public_html/happiness/system/CodeIgniter.php(318): CodeIgniter\CodeIgniter->handleRequest(NULL, Object(Config\Cache), false)
#4 /home/u314929967/domains/seodigitalmarketingsolutions.com/public_html/happiness/index.php(37): CodeIgniter\CodeIgniter->run()
#5 {main}
CRITICAL - 2022-07-25 17:00:30 --> Use of undefined constant rs - assumed 'rs' (this will throw an Error in a future version of PHP)
#0 /home/u314929967/domains/seodigitalmarketingsolutions.com/public_html/happiness/app/Controllers/UserController.php(71): CodeIgniter\Debug\Exceptions->errorHandler(2, 'Use of undefine...', '/home/u31492996...', 71, Array)
#1 /home/u314929967/domains/seodigitalmarketingsolutions.com/public_html/happiness/system/CodeIgniter.php(824): App\Controllers\UserController->loginUser()
#2 /home/u314929967/domains/seodigitalmarketingsolutions.com/public_html/happiness/system/CodeIgniter.php(410): CodeIgniter\CodeIgniter->runController(Object(App\Controllers\UserController))
#3 /home/u314929967/domains/seodigitalmarketingsolutions.com/public_html/happiness/system/CodeIgniter.php(318): CodeIgniter\CodeIgniter->handleRequest(NULL, Object(Config\Cache), false)
#4 /home/u314929967/domains/seodigitalmarketingsolutions.com/public_html/happiness/index.php(37): CodeIgniter\CodeIgniter->run()
#5 {main}
CRITICAL - 2022-07-25 17:00:48 --> Use of undefined constant rs - assumed 'rs' (this will throw an Error in a future version of PHP)
#0 /home/u314929967/domains/seodigitalmarketingsolutions.com/public_html/happiness/app/Controllers/UserController.php(72): CodeIgniter\Debug\Exceptions->errorHandler(2, 'Use of undefine...', '/home/u31492996...', 72, Array)
#1 /home/u314929967/domains/seodigitalmarketingsolutions.com/public_html/happiness/system/CodeIgniter.php(824): App\Controllers\UserController->loginUser()
#2 /home/u314929967/domains/seodigitalmarketingsolutions.com/public_html/happiness/system/CodeIgniter.php(410): CodeIgniter\CodeIgniter->runController(Object(App\Controllers\UserController))
#3 /home/u314929967/domains/seodigitalmarketingsolutions.com/public_html/happiness/system/CodeIgniter.php(318): CodeIgniter\CodeIgniter->handleRequest(NULL, Object(Config\Cache), false)
#4 /home/u314929967/domains/seodigitalmarketingsolutions.com/public_html/happiness/index.php(37): CodeIgniter\CodeIgniter->run()
#5 {main}
CRITICAL - 2022-07-25 17:01:14 --> Use of undefined constant rs - assumed 'rs' (this will throw an Error in a future version of PHP)
#0 /home/u314929967/domains/seodigitalmarketingsolutions.com/public_html/happiness/app/Controllers/UserController.php(72): CodeIgniter\Debug\Exceptions->errorHandler(2, 'Use of undefine...', '/home/u31492996...', 72, Array)
#1 /home/u314929967/domains/seodigitalmarketingsolutions.com/public_html/happiness/system/CodeIgniter.php(824): App\Controllers\UserController->loginUser()
#2 /home/u314929967/domains/seodigitalmarketingsolutions.com/public_html/happiness/system/CodeIgniter.php(410): CodeIgniter\CodeIgniter->runController(Object(App\Controllers\UserController))
#3 /home/u314929967/domains/seodigitalmarketingsolutions.com/public_html/happiness/system/CodeIgniter.php(318): CodeIgniter\CodeIgniter->handleRequest(NULL, Object(Config\Cache), false)
#4 /home/u314929967/domains/seodigitalmarketingsolutions.com/public_html/happiness/index.php(37): CodeIgniter\CodeIgniter->run()
#5 {main}
CRITICAL - 2022-07-25 17:01:34 --> Use of undefined constant rs - assumed 'rs' (this will throw an Error in a future version of PHP)
#0 /home/u314929967/domains/seodigitalmarketingsolutions.com/public_html/happiness/app/Controllers/UserController.php(72): CodeIgniter\Debug\Exceptions->errorHandler(2, 'Use of undefine...', '/home/u31492996...', 72, Array)
#1 /home/u314929967/domains/seodigitalmarketingsolutions.com/public_html/happiness/system/CodeIgniter.php(824): App\Controllers\UserController->loginUser()
#2 /home/u314929967/domains/seodigitalmarketingsolutions.com/public_html/happiness/system/CodeIgniter.php(410): CodeIgniter\CodeIgniter->runController(Object(App\Controllers\UserController))
#3 /home/u314929967/domains/seodigitalmarketingsolutions.com/public_html/happiness/system/CodeIgniter.php(318): CodeIgniter\CodeIgniter->handleRequest(NULL, Object(Config\Cache), false)
#4 /home/u314929967/domains/seodigitalmarketingsolutions.com/public_html/happiness/index.php(37): CodeIgniter\CodeIgniter->run()
#5 {main}
CRITICAL - 2022-07-25 17:01:54 --> Use of undefined constant rs - assumed 'rs' (this will throw an Error in a future version of PHP)
#0 /home/u314929967/domains/seodigitalmarketingsolutions.com/public_html/happiness/app/Controllers/UserController.php(72): CodeIgniter\Debug\Exceptions->errorHandler(2, 'Use of undefine...', '/home/u31492996...', 72, Array)
#1 /home/u314929967/domains/seodigitalmarketingsolutions.com/public_html/happiness/system/CodeIgniter.php(824): App\Controllers\UserController->loginUser()
#2 /home/u314929967/domains/seodigitalmarketingsolutions.com/public_html/happiness/system/CodeIgniter.php(410): CodeIgniter\CodeIgniter->runController(Object(App\Controllers\UserController))
#3 /home/u314929967/domains/seodigitalmarketingsolutions.com/public_html/happiness/system/CodeIgniter.php(318): CodeIgniter\CodeIgniter->handleRequest(NULL, Object(Config\Cache), false)
#4 /home/u314929967/domains/seodigitalmarketingsolutions.com/public_html/happiness/index.php(37): CodeIgniter\CodeIgniter->run()
#5 {main}
CRITICAL - 2022-07-25 17:02:24 --> Use of undefined constant rs - assumed 'rs' (this will throw an Error in a future version of PHP)
#0 /home/u314929967/domains/seodigitalmarketingsolutions.com/public_html/happiness/app/Controllers/UserController.php(72): CodeIgniter\Debug\Exceptions->errorHandler(2, 'Use of undefine...', '/home/u31492996...', 72, Array)
#1 /home/u314929967/domains/seodigitalmarketingsolutions.com/public_html/happiness/system/CodeIgniter.php(824): App\Controllers\UserController->loginUser()
#2 /home/u314929967/domains/seodigitalmarketingsolutions.com/public_html/happiness/system/CodeIgniter.php(410): CodeIgniter\CodeIgniter->runController(Object(App\Controllers\UserController))
#3 /home/u314929967/domains/seodigitalmarketingsolutions.com/public_html/happiness/system/CodeIgniter.php(318): CodeIgniter\CodeIgniter->handleRequest(NULL, Object(Config\Cache), false)
#4 /home/u314929967/domains/seodigitalmarketingsolutions.com/public_html/happiness/index.php(37): CodeIgniter\CodeIgniter->run()
#5 {main}
CRITICAL - 2022-07-25 17:02:44 --> Use of undefined constant rs - assumed 'rs' (this will throw an Error in a future version of PHP)
#0 /home/u314929967/domains/seodigitalmarketingsolutions.com/public_html/happiness/app/Controllers/UserController.php(72): CodeIgniter\Debug\Exceptions->errorHandler(2, 'Use of undefine...', '/home/u31492996...', 72, Array)
#1 /home/u314929967/domains/seodigitalmarketingsolutions.com/public_html/happiness/system/CodeIgniter.php(824): App\Controllers\UserController->loginUser()
#2 /home/u314929967/domains/seodigitalmarketingsolutions.com/public_html/happiness/system/CodeIgniter.php(410): CodeIgniter\CodeIgniter->runController(Object(App\Controllers\UserController))
#3 /home/u314929967/domains/seodigitalmarketingsolutions.com/public_html/happiness/system/CodeIgniter.php(318): CodeIgniter\CodeIgniter->handleRequest(NULL, Object(Config\Cache), false)
#4 /home/u314929967/domains/seodigitalmarketingsolutions.com/public_html/happiness/index.php(37): CodeIgniter\CodeIgniter->run()
#5 {main}
CRITICAL - 2022-07-25 17:02:48 --> Use of undefined constant rs - assumed 'rs' (this will throw an Error in a future version of PHP)
#0 /home/u314929967/domains/seodigitalmarketingsolutions.com/public_html/happiness/app/Controllers/UserController.php(72): CodeIgniter\Debug\Exceptions->errorHandler(2, 'Use of undefine...', '/home/u31492996...', 72, Array)
#1 /home/u314929967/domains/seodigitalmarketingsolutions.com/public_html/happiness/system/CodeIgniter.php(824): App\Controllers\UserController->loginUser()
#2 /home/u314929967/domains/seodigitalmarketingsolutions.com/public_html/happiness/system/CodeIgniter.php(410): CodeIgniter\CodeIgniter->runController(Object(App\Controllers\UserController))
#3 /home/u314929967/domains/seodigitalmarketingsolutions.com/public_html/happiness/system/CodeIgniter.php(318): CodeIgniter\CodeIgniter->handleRequest(NULL, Object(Config\Cache), false)
#4 /home/u314929967/domains/seodigitalmarketingsolutions.com/public_html/happiness/index.php(37): CodeIgniter\CodeIgniter->run()
#5 {main}
CRITICAL - 2022-07-25 17:04:41 --> Use of undefined constant rs - assumed 'rs' (this will throw an Error in a future version of PHP)
#0 /home/u314929967/domains/seodigitalmarketingsolutions.com/public_html/happiness/app/Controllers/UserController.php(72): CodeIgniter\Debug\Exceptions->errorHandler(2, 'Use of undefine...', '/home/u31492996...', 72, Array)
#1 /home/u314929967/domains/seodigitalmarketingsolutions.com/public_html/happiness/system/CodeIgniter.php(824): App\Controllers\UserController->loginUser()
#2 /home/u314929967/domains/seodigitalmarketingsolutions.com/public_html/happiness/system/CodeIgniter.php(410): CodeIgniter\CodeIgniter->runController(Object(App\Controllers\UserController))
#3 /home/u314929967/domains/seodigitalmarketingsolutions.com/public_html/happiness/system/CodeIgniter.php(318): CodeIgniter\CodeIgniter->handleRequest(NULL, Object(Config\Cache), false)
#4 /home/u314929967/domains/seodigitalmarketingsolutions.com/public_html/happiness/index.php(37): CodeIgniter\CodeIgniter->run()
#5 {main}
